# JRE version: Java(TM) SE Runtime Environment (9.0+11) (build 9.0.4+11)
# Java VM: Java HotSpot(TM) 64-Bit Server VM (9.0.4+11, mixed mode, tiered, compressed oops, g1 gc, windows-amd64)
Heap:
 garbage-first heap   total 223232K, used 124308K [0x0000000700000000, 0x00000007001006d0, 0x00000007c0000000)
  region size 1024K, 57 young (58368K), 1 survivors (1024K)
 Metaspace       used 83781K, capacity 85797K, committed 92848K, reserved 1130496K
  class space    used 10813K, capacity 11255K, committed 12720K, reserved 1048576K
GC Heap History (10 events):
Event: 4032.053 GC heap before
{Heap before GC invocations=713 (full 296):
 garbage-first heap   total 223232K, used 128012K [0x0000000700000000, 0x00000007001006d0, 0x00000007c0000000)
  region size 1024K, 60 young (61440K), 1 survivors (1024K)
 Metaspace       used 83757K, capacity 85797K, committed 92848K, reserved 1130496K
  class space    used 10813K, capacity 11255K, committed 12720K, reserved 1048576K
}
Event: 4032.056 GC heap after
{Heap after GC invocations=714 (full 296):
 garbage-first heap   total 223232K, used 67640K [0x0000000700000000, 0x00000007001006d0, 0x00000007c0000000)
  region size 1024K, 1 young (1024K), 1 survivors (1024K)
 Metaspace       used 83757K, capacity 85797K, committed 92848K, reserved 1130496K
  class space    used 10813K, capacity 11255K, committed 12720K, reserved 1048576K
}
Event: 4035.568 GC heap before
{Heap before GC invocations=714 (full 296):
 garbage-first heap   total 223232K, used 128056K [0x0000000700000000, 0x00000007001006d0, 0x00000007c0000000)
  region size 1024K, 60 young (61440K), 1 survivors (1024K)
 Metaspace       used 83767K, capacity 85797K, committed 92848K, reserved 1130496K
  class space    used 10813K, capacity 11255K, committed 12720K, reserved 1048576K
}
Event: 4035.571 GC heap after
{Heap after GC invocations=715 (full 296):
 garbage-first heap   total 223232K, used 67831K [0x0000000700000000, 0x00000007001006d0, 0x00000007c0000000)
  region size 1024K, 1 young (1024K), 1 survivors (1024K)
 Metaspace       used 83767K, capacity 85797K, committed 92848K, reserved 1130496K
  class space    used 10813K, capacity 11255K, committed 12720K, reserved 1048576K
}
Event: 4037.608 GC heap before
{Heap before GC invocations=715 (full 296):
 garbage-first heap   total 223232K, used 128247K [0x0000000700000000, 0x00000007001006d0, 0x00000007c0000000)
  region size 1024K, 60 young (61440K), 1 survivors (1024K)
 Metaspace       used 83767K, capacity 85797K, committed 92848K, reserved 1130496K
  class space    used 10813K, capacity 11255K, committed 12720K, reserved 1048576K
}
Event: 4037.610 GC heap after
{Heap after GC invocations=716 (full 296):
 garbage-first heap   total 223232K, used 67731K [0x0000000700000000, 0x00000007001006d0, 0x00000007c0000000)
  region size 1024K, 1 young (1024K), 1 survivors (1024K)
 Metaspace       used 83767K, capacity 85797K, committed 92848K, reserved 1130496K
  class space    used 10813K, capacity 11255K, committed 12720K, reserved 1048576K
}
Event: 4039.845 GC heap before
{Heap before GC invocations=716 (full 296):
 garbage-first heap   total 223232K, used 128147K [0x0000000700000000, 0x00000007001006d0, 0x00000007c0000000)
  region size 1024K, 60 young (61440K), 1 survivors (1024K)
 Metaspace       used 83780K, capacity 85797K, committed 92848K, reserved 1130496K
  class space    used 10813K, capacity 11255K, committed 12720K, reserved 1048576K
}
Event: 4039.848 GC heap after
{Heap after GC invocations=717 (full 296):
 garbage-first heap   total 223232K, used 67883K [0x0000000700000000, 0x00000007001006d0, 0x00000007c0000000)
  region size 1024K, 1 young (1024K), 1 survivors (1024K)
 Metaspace       used 83780K, capacity 85797K, committed 92848K, reserved 1130496K
  class space    used 10813K, capacity 11255K, committed 12720K, reserved 1048576K
}
Event: 4041.587 GC heap before
{Heap before GC invocations=717 (full 296):
 garbage-first heap   total 223232K, used 128299K [0x0000000700000000, 0x00000007001006d0, 0x00000007c0000000)
  region size 1024K, 60 young (61440K), 1 survivors (1024K)
 Metaspace       used 83780K, capacity 85797K, committed 92848K, reserved 1130496K
  class space    used 10813K, capacity 11255K, committed 12720K, reserved 1048576K
}
Event: 4041.589 GC heap after
{Heap after GC invocations=718 (full 296):
 garbage-first heap   total 223232K, used 67988K [0x0000000700000000, 0x00000007001006d0, 0x00000007c0000000)
  region size 1024K, 1 young (1024K), 1 survivors (1024K)
 Metaspace       used 83780K, capacity 85797K, committed 92848K, reserved 1130496K
  class space    used 10813K, capacity 11255K, committed 12720K, reserved 1048576K
}

