# JRE version: Java(TM) SE Runtime Environment (9.0+11) (build 9.0.4+11)
# Java VM: Java HotSpot(TM) 64-Bit Server VM (9.0.4+11, mixed mode, tiered, compressed oops, g1 gc, windows-amd64)
Heap:
 garbage-first heap   total 321536K, used 124019K [0x0000000700000000, 0x00000007001009d0, 0x00000007c0000000)
  region size 1024K, 39 young (39936K), 1 survivors (1024K)
 Metaspace       used 85904K, capacity 91819K, committed 91976K, reserved 1128448K
  class space    used 11536K, capacity 12568K, committed 12616K, reserved 1048576K
GC Heap History (10 events):
Event: 730.924 GC heap before
{Heap before GC invocations=290 (full 51):
 garbage-first heap   total 321536K, used 146411K [0x0000000700000000, 0x00000007001009d0, 0x00000007c0000000)
  region size 1024K, 60 young (61440K), 1 survivors (1024K)
 Metaspace       used 85864K, capacity 91755K, committed 91976K, reserved 1128448K
  class space    used 11536K, capacity 12568K, committed 12616K, reserved 1048576K
}
Event: 730.929 GC heap after
{Heap after GC invocations=291 (full 51):
 garbage-first heap   total 321536K, used 85810K [0x0000000700000000, 0x00000007001009d0, 0x00000007c0000000)
  region size 1024K, 1 young (1024K), 1 survivors (1024K)
 Metaspace       used 85864K, capacity 91755K, committed 91976K, reserved 1128448K
  class space    used 11536K, capacity 12568K, committed 12616K, reserved 1048576K
}
Event: 733.064 GC heap before
{Heap before GC invocations=291 (full 51):
 garbage-first heap   total 321536K, used 146226K [0x0000000700000000, 0x00000007001009d0, 0x00000007c0000000)
  region size 1024K, 60 young (61440K), 1 survivors (1024K)
 Metaspace       used 85864K, capacity 91755K, committed 91976K, reserved 1128448K
  class space    used 11536K, capacity 12568K, committed 12616K, reserved 1048576K
}
Event: 733.066 GC heap after
{Heap after GC invocations=292 (full 51):
 garbage-first heap   total 321536K, used 85834K [0x0000000700000000, 0x00000007001009d0, 0x00000007c0000000)
  region size 1024K, 1 young (1024K), 1 survivors (1024K)
 Metaspace       used 85864K, capacity 91755K, committed 91976K, reserved 1128448K
  class space    used 11536K, capacity 12568K, committed 12616K, reserved 1048576K
}
Event: 735.286 GC heap before
{Heap before GC invocations=292 (full 51):
 garbage-first heap   total 321536K, used 146250K [0x0000000700000000, 0x00000007001009d0, 0x00000007c0000000)
  region size 1024K, 60 young (61440K), 1 survivors (1024K)
 Metaspace       used 85865K, capacity 91819K, committed 91976K, reserved 1128448K
  class space    used 11536K, capacity 12568K, committed 12616K, reserved 1048576K
}
Event: 735.288 GC heap after
{Heap after GC invocations=293 (full 51):
 garbage-first heap   total 321536K, used 86019K [0x0000000700000000, 0x00000007001009d0, 0x00000007c0000000)
  region size 1024K, 1 young (1024K), 1 survivors (1024K)
 Metaspace       used 85865K, capacity 91819K, committed 91976K, reserved 1128448K
  class space    used 11536K, capacity 12568K, committed 12616K, reserved 1048576K
}
Event: 736.493 GC heap before
{Heap before GC invocations=293 (full 51):
 garbage-first heap   total 321536K, used 146435K [0x0000000700000000, 0x00000007001009d0, 0x00000007c0000000)
  region size 1024K, 60 young (61440K), 1 survivors (1024K)
 Metaspace       used 85869K, capacity 91819K, committed 91976K, reserved 1128448K
  class space    used 11536K, capacity 12568K, committed 12616K, reserved 1048576K
}
Event: 736.495 GC heap after
{Heap after GC invocations=294 (full 51):
 garbage-first heap   total 321536K, used 85889K [0x0000000700000000, 0x00000007001009d0, 0x00000007c0000000)
  region size 1024K, 1 young (1024K), 1 survivors (1024K)
 Metaspace       used 85869K, capacity 91819K, committed 91976K, reserved 1128448K
  class space    used 11536K, capacity 12568K, committed 12616K, reserved 1048576K
}
Event: 737.196 GC heap before
{Heap before GC invocations=294 (full 51):
 garbage-first heap   total 321536K, used 146305K [0x0000000700000000, 0x00000007001009d0, 0x00000007c0000000)
  region size 1024K, 60 young (61440K), 1 survivors (1024K)
 Metaspace       used 85874K, capacity 91819K, committed 91976K, reserved 1128448K
  class space    used 11536K, capacity 12568K, committed 12616K, reserved 1048576K
}
Event: 737.198 GC heap after
{Heap after GC invocations=295 (full 51):
 garbage-first heap   total 321536K, used 86131K [0x0000000700000000, 0x00000007001009d0, 0x00000007c0000000)
  region size 1024K, 1 young (1024K), 1 survivors (1024K)
 Metaspace       used 85874K, capacity 91819K, committed 91976K, reserved 1128448K
  class space    used 11536K, capacity 12568K, committed 12616K, reserved 1048576K
}

