# JRE version: Java(TM) SE Runtime Environment (9.0+11) (build 9.0.4+11)
# Java VM: Java HotSpot(TM) 64-Bit Server VM (9.0.4+11, mixed mode, tiered, compressed oops, g1 gc, windows-amd64)
Heap:
 garbage-first heap   total 167936K, used 122430K [0x0000000700000000, 0x0000000700100520, 0x00000007c0000000)
  region size 1024K, 46 young (47104K), 1 survivors (1024K)
 Metaspace       used 90142K, capacity 97235K, committed 97360K, reserved 1132544K
  class space    used 12113K, capacity 13358K, committed 13436K, reserved 1048576K
GC Heap History (10 events):
Event: 2632.951 GC heap before
{Heap before GC invocations=607 (full 92):
 garbage-first heap   total 167936K, used 137558K [0x0000000700000000, 0x0000000700100520, 0x00000007c0000000)
  region size 1024K, 60 young (61440K), 1 survivors (1024K)
 Metaspace       used 90107K, capacity 97171K, committed 97360K, reserved 1132544K
  class space    used 12113K, capacity 13358K, committed 13436K, reserved 1048576K
}
Event: 2632.954 GC heap after
{Heap after GC invocations=608 (full 92):
 garbage-first heap   total 167936K, used 77207K [0x0000000700000000, 0x0000000700100520, 0x00000007c0000000)
  region size 1024K, 1 young (1024K), 1 survivors (1024K)
 Metaspace       used 90107K, capacity 97171K, committed 97360K, reserved 1132544K
  class space    used 12113K, capacity 13358K, committed 13436K, reserved 1048576K
}
Event: 2633.661 GC heap before
{Heap before GC invocations=608 (full 92):
 garbage-first heap   total 167936K, used 137623K [0x0000000700000000, 0x0000000700100520, 0x00000007c0000000)
  region size 1024K, 60 young (61440K), 1 survivors (1024K)
 Metaspace       used 90107K, capacity 97171K, committed 97360K, reserved 1132544K
  class space    used 12113K, capacity 13358K, committed 13436K, reserved 1048576K
}
Event: 2633.665 GC heap after
{Heap after GC invocations=609 (full 92):
 garbage-first heap   total 167936K, used 77197K [0x0000000700000000, 0x0000000700100520, 0x00000007c0000000)
  region size 1024K, 1 young (1024K), 1 survivors (1024K)
 Metaspace       used 90107K, capacity 97171K, committed 97360K, reserved 1132544K
  class space    used 12113K, capacity 13358K, committed 13436K, reserved 1048576K
}
Event: 2640.704 GC heap before
{Heap before GC invocations=610 (full 92):
 garbage-first heap   total 167936K, used 137613K [0x0000000700000000, 0x0000000700100520, 0x00000007c0000000)
  region size 1024K, 60 young (61440K), 1 survivors (1024K)
 Metaspace       used 90107K, capacity 97171K, committed 97360K, reserved 1132544K
  class space    used 12113K, capacity 13358K, committed 13436K, reserved 1048576K
}
Event: 2640.707 GC heap after
{Heap after GC invocations=611 (full 92):
 garbage-first heap   total 167936K, used 77223K [0x0000000700000000, 0x0000000700100520, 0x00000007c0000000)
  region size 1024K, 1 young (1024K), 1 survivors (1024K)
 Metaspace       used 90107K, capacity 97171K, committed 97360K, reserved 1132544K
  class space    used 12113K, capacity 13358K, committed 13436K, reserved 1048576K
}
Event: 2645.642 GC heap before
{Heap before GC invocations=611 (full 92):
 garbage-first heap   total 167936K, used 137639K [0x0000000700000000, 0x0000000700100520, 0x00000007c0000000)
  region size 1024K, 60 young (61440K), 1 survivors (1024K)
 Metaspace       used 90139K, capacity 97235K, committed 97360K, reserved 1132544K
  class space    used 12113K, capacity 13358K, committed 13436K, reserved 1048576K
}
Event: 2645.646 GC heap after
{Heap after GC invocations=612 (full 92):
 garbage-first heap   total 167936K, used 77322K [0x0000000700000000, 0x0000000700100520, 0x00000007c0000000)
  region size 1024K, 1 young (1024K), 1 survivors (1024K)
 Metaspace       used 90139K, capacity 97235K, committed 97360K, reserved 1132544K
  class space    used 12113K, capacity 13358K, committed 13436K, reserved 1048576K
}
Event: 2646.938 GC heap before
{Heap before GC invocations=613 (full 92):
 garbage-first heap   total 167936K, used 137738K [0x0000000700000000, 0x0000000700100520, 0x00000007c0000000)
  region size 1024K, 60 young (61440K), 1 survivors (1024K)
 Metaspace       used 90140K, capacity 97235K, committed 97360K, reserved 1132544K
  class space    used 12113K, capacity 13358K, committed 13436K, reserved 1048576K
}
Event: 2646.941 GC heap after
{Heap after GC invocations=614 (full 92):
 garbage-first heap   total 167936K, used 77374K [0x0000000700000000, 0x0000000700100520, 0x00000007c0000000)
  region size 1024K, 1 young (1024K), 1 survivors (1024K)
 Metaspace       used 90140K, capacity 97235K, committed 97360K, reserved 1132544K
  class space    used 12113K, capacity 13358K, committed 13436K, reserved 1048576K
}

