# JRE version: Java(TM) SE Runtime Environment (9.0+11) (build 9.0.4+11)
# Java VM: Java HotSpot(TM) 64-Bit Server VM (9.0.4+11, mixed mode, tiered, compressed oops, g1 gc, windows-amd64)
Heap:
 garbage-first heap   total 294912K, used 154675K [0x0000000700000000, 0x0000000700100900, 0x00000007c0000000)
  region size 1024K, 60 young (61440K), 0 survivors (0K)
 Metaspace       used 91053K, capacity 93655K, committed 98940K, reserved 1134592K
  class space    used 11794K, capacity 12328K, committed 13436K, reserved 1048576K
GC Heap History (10 events):
Event: 32756.332 GC heap before
{Heap before GC invocations=1186 (full 102):
 garbage-first heap   total 294912K, used 155136K [0x0000000700000000, 0x0000000700100900, 0x00000007c0000000)
  region size 1024K, 61 young (62464K), 1 survivors (1024K)
 Metaspace       used 91026K, capacity 93655K, committed 98940K, reserved 1134592K
  class space    used 11794K, capacity 12328K, committed 13436K, reserved 1048576K
}
Event: 32756.335 GC heap after
{Heap after GC invocations=1187 (full 102):
 garbage-first heap   total 294912K, used 94768K [0x0000000700000000, 0x0000000700100900, 0x00000007c0000000)
  region size 1024K, 1 young (1024K), 1 survivors (1024K)
 Metaspace       used 91026K, capacity 93655K, committed 98940K, reserved 1134592K
  class space    used 11794K, capacity 12328K, committed 13436K, reserved 1048576K
}
Event: 32759.109 GC heap before
{Heap before GC invocations=1187 (full 102):
 garbage-first heap   total 294912K, used 155184K [0x0000000700000000, 0x0000000700100900, 0x00000007c0000000)
  region size 1024K, 60 young (61440K), 1 survivors (1024K)
 Metaspace       used 91026K, capacity 93655K, committed 98940K, reserved 1134592K
  class space    used 11794K, capacity 12328K, committed 13436K, reserved 1048576K
}
Event: 32759.112 GC heap after
{Heap after GC invocations=1188 (full 102):
 garbage-first heap   total 294912K, used 94797K [0x0000000700000000, 0x0000000700100900, 0x00000007c0000000)
  region size 1024K, 1 young (1024K), 1 survivors (1024K)
 Metaspace       used 91026K, capacity 93655K, committed 98940K, reserved 1134592K
  class space    used 11794K, capacity 12328K, committed 13436K, reserved 1048576K
}
Event: 32759.536 GC heap before
{Heap before GC invocations=1188 (full 102):
 garbage-first heap   total 294912K, used 155213K [0x0000000700000000, 0x0000000700100900, 0x00000007c0000000)
  region size 1024K, 60 young (61440K), 1 survivors (1024K)
 Metaspace       used 91026K, capacity 93655K, committed 98940K, reserved 1134592K
  class space    used 11794K, capacity 12328K, committed 13436K, reserved 1048576K
}
Event: 32759.540 GC heap after
{Heap after GC invocations=1189 (full 102):
 garbage-first heap   total 294912K, used 94772K [0x0000000700000000, 0x0000000700100900, 0x00000007c0000000)
  region size 1024K, 1 young (1024K), 1 survivors (1024K)
 Metaspace       used 91026K, capacity 93655K, committed 98940K, reserved 1134592K
  class space    used 11794K, capacity 12328K, committed 13436K, reserved 1048576K
}
Event: 32761.108 GC heap before
{Heap before GC invocations=1189 (full 102):
 garbage-first heap   total 294912K, used 155188K [0x0000000700000000, 0x0000000700100900, 0x00000007c0000000)
  region size 1024K, 60 young (61440K), 1 survivors (1024K)
 Metaspace       used 91053K, capacity 93655K, committed 98940K, reserved 1134592K
  class space    used 11794K, capacity 12328K, committed 13436K, reserved 1048576K
}
Event: 32761.112 GC heap after
{Heap after GC invocations=1190 (full 102):
 garbage-first heap   total 294912K, used 94930K [0x0000000700000000, 0x0000000700100900, 0x00000007c0000000)
  region size 1024K, 1 young (1024K), 1 survivors (1024K)
 Metaspace       used 91053K, capacity 93655K, committed 98940K, reserved 1134592K
  class space    used 11794K, capacity 12328K, committed 13436K, reserved 1048576K
}
Event: 32761.325 GC heap before
{Heap before GC invocations=1190 (full 102):
 garbage-first heap   total 294912K, used 117458K [0x0000000700000000, 0x0000000700100900, 0x00000007c0000000)
  region size 1024K, 24 young (24576K), 1 survivors (1024K)
 Metaspace       used 91053K, capacity 93655K, committed 98940K, reserved 1134592K
  class space    used 11794K, capacity 12328K, committed 13436K, reserved 1048576K
}
Event: 32761.647 GC heap after
{Heap after GC invocations=1191 (full 103):
 garbage-first heap   total 294912K, used 94259K [0x0000000700000000, 0x0000000700100900, 0x00000007c0000000)
  region size 1024K, 0 young (0K), 0 survivors (0K)
 Metaspace       used 91053K, capacity 93655K, committed 98940K, reserved 1134592K
  class space    used 11794K, capacity 12328K, committed 13436K, reserved 1048576K
}

