# JRE version: Java(TM) SE Runtime Environment (9.0+11) (build 9.0.4+11)
# Java VM: Java HotSpot(TM) 64-Bit Server VM (9.0.4+11, mixed mode, tiered, compressed oops, g1 gc, windows-amd64)
Heap:
 garbage-first heap   total 157696K, used 94504K [0x0000000700000000, 0x00000007001004d0, 0x00000007c0000000)
  region size 1024K, 27 young (27648K), 2 survivors (2048K)
 Metaspace       used 82706K, capacity 88967K, committed 89136K, reserved 1126400K
  class space    used 11446K, capacity 12540K, committed 12592K, reserved 1048576K
GC Heap History (10 events):
Event: 532.670 GC heap before
{Heap before GC invocations=102 (full 13):
 garbage-first heap   total 157696K, used 128627K [0x0000000700000000, 0x00000007001004d0, 0x00000007c0000000)
  region size 1024K, 60 young (61440K), 2 survivors (2048K)
 Metaspace       used 81663K, capacity 87421K, committed 87600K, reserved 1124352K
  class space    used 11282K, capacity 12285K, committed 12336K, reserved 1048576K
}
Event: 532.674 GC heap after
{Heap after GC invocations=103 (full 13):
 garbage-first heap   total 157696K, used 69247K [0x0000000700000000, 0x00000007001004d0, 0x00000007c0000000)
  region size 1024K, 2 young (2048K), 2 survivors (2048K)
 Metaspace       used 81663K, capacity 87421K, committed 87600K, reserved 1124352K
  class space    used 11282K, capacity 12285K, committed 12336K, reserved 1048576K
}
Event: 533.475 GC heap before
{Heap before GC invocations=103 (full 13):
 garbage-first heap   total 157696K, used 123519K [0x0000000700000000, 0x00000007001004d0, 0x00000007c0000000)
  region size 1024K, 56 young (57344K), 2 survivors (2048K)
 Metaspace       used 81683K, capacity 87421K, committed 87600K, reserved 1124352K
  class space    used 11282K, capacity 12285K, committed 12336K, reserved 1048576K
}
Event: 533.716 GC heap after
{Heap after GC invocations=104 (full 14):
 garbage-first heap   total 157696K, used 68334K [0x0000000700000000, 0x00000007001004d0, 0x00000007c0000000)
  region size 1024K, 0 young (0K), 0 survivors (0K)
 Metaspace       used 81683K, capacity 87421K, committed 87600K, reserved 1124352K
  class space    used 11282K, capacity 12285K, committed 12336K, reserved 1048576K
}
Event: 538.165 GC heap before
{Heap before GC invocations=104 (full 14):
 garbage-first heap   total 157696K, used 129774K [0x0000000700000000, 0x00000007001004d0, 0x00000007c0000000)
  region size 1024K, 60 young (61440K), 0 survivors (0K)
 Metaspace       used 81982K, capacity 88049K, committed 88240K, reserved 1124352K
  class space    used 11358K, capacity 12415K, committed 12464K, reserved 1048576K
}
Event: 538.168 GC heap after
{Heap after GC invocations=105 (full 14):
 garbage-first heap   total 157696K, used 69074K [0x0000000700000000, 0x00000007001004d0, 0x00000007c0000000)
  region size 1024K, 1 young (1024K), 1 survivors (1024K)
 Metaspace       used 81982K, capacity 88049K, committed 88240K, reserved 1124352K
  class space    used 11358K, capacity 12415K, committed 12464K, reserved 1048576K
}
Event: 540.682 GC heap before
{Heap before GC invocations=105 (full 14):
 garbage-first heap   total 157696K, used 129490K [0x0000000700000000, 0x00000007001004d0, 0x00000007c0000000)
  region size 1024K, 60 young (61440K), 1 survivors (1024K)
 Metaspace       used 82168K, capacity 88445K, committed 88624K, reserved 1126400K
  class space    used 11390K, capacity 12473K, committed 12592K, reserved 1048576K
}
Event: 540.686 GC heap after
{Heap after GC invocations=106 (full 14):
 garbage-first heap   total 157696K, used 69534K [0x0000000700000000, 0x00000007001004d0, 0x00000007c0000000)
  region size 1024K, 2 young (2048K), 2 survivors (2048K)
 Metaspace       used 82168K, capacity 88445K, committed 88624K, reserved 1126400K
  class space    used 11390K, capacity 12473K, committed 12592K, reserved 1048576K
}
Event: 542.010 GC heap before
{Heap before GC invocations=106 (full 14):
 garbage-first heap   total 157696K, used 128926K [0x0000000700000000, 0x00000007001004d0, 0x00000007c0000000)
  region size 1024K, 60 young (61440K), 2 survivors (2048K)
 Metaspace       used 82701K, capacity 88967K, committed 89136K, reserved 1126400K
  class space    used 11446K, capacity 12540K, committed 12592K, reserved 1048576K
}
Event: 542.014 GC heap after
{Heap after GC invocations=107 (full 14):
 garbage-first heap   total 157696K, used 69928K [0x0000000700000000, 0x00000007001004d0, 0x00000007c0000000)
  region size 1024K, 2 young (2048K), 2 survivors (2048K)
 Metaspace       used 82701K, capacity 88967K, committed 89136K, reserved 1126400K
  class space    used 11446K, capacity 12540K, committed 12592K, reserved 1048576K
}

