# JRE version: Java(TM) SE Runtime Environment (9.0+11) (build 9.0.4+11)
# Java VM: Java HotSpot(TM) 64-Bit Server VM (9.0.4+11, mixed mode, tiered, compressed oops, g1 gc, windows-amd64)
Heap:
 garbage-first heap   total 288768K, used 106249K [0x0000000700000000, 0x00000007001008d0, 0x00000007c0000000)
  region size 1024K, 19 young (19456K), 1 survivors (1024K)
 Metaspace       used 85116K, capacity 87347K, committed 94300K, reserved 1130496K
  class space    used 11021K, capacity 11486K, committed 12924K, reserved 1048576K
GC Heap History (10 events):
Event: 3611.875 GC heap before
{Heap before GC invocations=529 (full 180):
 garbage-first heap   total 288768K, used 93291K [0x0000000700000000, 0x00000007001008d0, 0x00000007c0000000)
  region size 1024K, 6 young (6144K), 0 survivors (0K)
 Metaspace       used 85102K, capacity 87347K, committed 94300K, reserved 1130496K
  class space    used 11021K, capacity 11486K, committed 12924K, reserved 1048576K
}
Event: 3612.022 GC heap after
{Heap after GC invocations=530 (full 181):
 garbage-first heap   total 288768K, used 88159K [0x0000000700000000, 0x00000007001008d0, 0x00000007c0000000)
  region size 1024K, 0 young (0K), 0 survivors (0K)
 Metaspace       used 85102K, capacity 87347K, committed 94300K, reserved 1130496K
  class space    used 11021K, capacity 11486K, committed 12924K, reserved 1048576K
}
Event: 3617.852 GC heap before
{Heap before GC invocations=530 (full 181):
 garbage-first heap   total 288768K, used 149599K [0x0000000700000000, 0x00000007001008d0, 0x00000007c0000000)
  region size 1024K, 60 young (61440K), 0 survivors (0K)
 Metaspace       used 85107K, capacity 87347K, committed 94300K, reserved 1130496K
  class space    used 11021K, capacity 11486K, committed 12924K, reserved 1048576K
}
Event: 3617.854 GC heap after
{Heap after GC invocations=531 (full 181):
 garbage-first heap   total 288768K, used 88715K [0x0000000700000000, 0x00000007001008d0, 0x00000007c0000000)
  region size 1024K, 1 young (1024K), 1 survivors (1024K)
 Metaspace       used 85107K, capacity 87347K, committed 94300K, reserved 1130496K
  class space    used 11021K, capacity 11486K, committed 12924K, reserved 1048576K
}
Event: 3619.068 GC heap before
{Heap before GC invocations=531 (full 181):
 garbage-first heap   total 288768K, used 149131K [0x0000000700000000, 0x00000007001008d0, 0x00000007c0000000)
  region size 1024K, 60 young (61440K), 1 survivors (1024K)
 Metaspace       used 85107K, capacity 87347K, committed 94300K, reserved 1130496K
  class space    used 11021K, capacity 11486K, committed 12924K, reserved 1048576K
}
Event: 3619.069 GC heap after
{Heap after GC invocations=532 (full 181):
 garbage-first heap   total 288768K, used 88430K [0x0000000700000000, 0x00000007001008d0, 0x00000007c0000000)
  region size 1024K, 1 young (1024K), 1 survivors (1024K)
 Metaspace       used 85107K, capacity 87347K, committed 94300K, reserved 1130496K
  class space    used 11021K, capacity 11486K, committed 12924K, reserved 1048576K
}
Event: 3620.715 GC heap before
{Heap before GC invocations=532 (full 181):
 garbage-first heap   total 288768K, used 148846K [0x0000000700000000, 0x00000007001008d0, 0x00000007c0000000)
  region size 1024K, 60 young (61440K), 1 survivors (1024K)
 Metaspace       used 85113K, capacity 87347K, committed 94300K, reserved 1130496K
  class space    used 11021K, capacity 11486K, committed 12924K, reserved 1048576K
}
Event: 3620.718 GC heap after
{Heap after GC invocations=533 (full 181):
 garbage-first heap   total 288768K, used 88844K [0x0000000700000000, 0x00000007001008d0, 0x00000007c0000000)
  region size 1024K, 1 young (1024K), 1 survivors (1024K)
 Metaspace       used 85113K, capacity 87347K, committed 94300K, reserved 1130496K
  class space    used 11021K, capacity 11486K, committed 12924K, reserved 1048576K
}
Event: 3621.252 GC heap before
{Heap before GC invocations=533 (full 181):
 garbage-first heap   total 288768K, used 149260K [0x0000000700000000, 0x00000007001008d0, 0x00000007c0000000)
  region size 1024K, 60 young (61440K), 1 survivors (1024K)
 Metaspace       used 85113K, capacity 87347K, committed 94300K, reserved 1130496K
  class space    used 11021K, capacity 11486K, committed 12924K, reserved 1048576K
}
Event: 3621.254 GC heap after
{Heap after GC invocations=534 (full 181):
 garbage-first heap   total 288768K, used 88841K [0x0000000700000000, 0x00000007001008d0, 0x00000007c0000000)
  region size 1024K, 1 young (1024K), 1 survivors (1024K)
 Metaspace       used 85113K, capacity 87347K, committed 94300K, reserved 1130496K
  class space    used 11021K, capacity 11486K, committed 12924K, reserved 1048576K
}

