# JRE version: Java(TM) SE Runtime Environment (9.0+11) (build 9.0.4+11)
# Java VM: Java HotSpot(TM) 64-Bit Server VM (9.0.4+11, mixed mode, tiered, compressed oops, g1 gc, windows-amd64)
Heap:
 garbage-first heap   total 232448K, used 74481K [0x0000000700000000, 0x0000000700100718, 0x00000007c0000000)
  region size 1024K, 5 young (5120K), 1 survivors (1024K)
 Metaspace       used 85472K, capacity 91753K, committed 91856K, reserved 1128448K
  class space    used 11671K, capacity 12749K, committed 12796K, reserved 1048576K
GC Heap History (10 events):
Event: 657.818 GC heap before
{Heap before GC invocations=363 (full 270):
 garbage-first heap   total 232448K, used 98092K [0x0000000700000000, 0x0000000700100718, 0x00000007c0000000)
  region size 1024K, 25 young (25600K), 2 survivors (2048K)
 Metaspace       used 85354K, capacity 91689K, committed 91856K, reserved 1128448K
  class space    used 11662K, capacity 12749K, committed 12796K, reserved 1048576K
}
Event: 658.066 GC heap after
{Heap after GC invocations=364 (full 271):
 garbage-first heap   total 232448K, used 70605K [0x0000000700000000, 0x0000000700100718, 0x00000007c0000000)
  region size 1024K, 0 young (0K), 0 survivors (0K)
 Metaspace       used 85354K, capacity 91689K, committed 91856K, reserved 1128448K
  class space    used 11662K, capacity 12749K, committed 12796K, reserved 1048576K
}
Event: 659.852 GC heap before
{Heap before GC invocations=364 (full 271):
 garbage-first heap   total 232448K, used 132045K [0x0000000700000000, 0x0000000700100718, 0x00000007c0000000)
  region size 1024K, 60 young (61440K), 0 survivors (0K)
 Metaspace       used 85381K, capacity 91689K, committed 91856K, reserved 1128448K
  class space    used 11662K, capacity 12749K, committed 12796K, reserved 1048576K
}
Event: 659.854 GC heap after
{Heap after GC invocations=365 (full 271):
 garbage-first heap   total 232448K, used 71162K [0x0000000700000000, 0x0000000700100718, 0x00000007c0000000)
  region size 1024K, 1 young (1024K), 1 survivors (1024K)
 Metaspace       used 85381K, capacity 91689K, committed 91856K, reserved 1128448K
  class space    used 11662K, capacity 12749K, committed 12796K, reserved 1048576K
}
Event: 660.735 GC heap before
{Heap before GC invocations=365 (full 271):
 garbage-first heap   total 232448K, used 131578K [0x0000000700000000, 0x0000000700100718, 0x00000007c0000000)
  region size 1024K, 60 young (61440K), 1 survivors (1024K)
 Metaspace       used 85396K, capacity 91689K, committed 91856K, reserved 1128448K
  class space    used 11662K, capacity 12749K, committed 12796K, reserved 1048576K
}
Event: 660.737 GC heap after
{Heap after GC invocations=366 (full 271):
 garbage-first heap   total 232448K, used 71184K [0x0000000700000000, 0x0000000700100718, 0x00000007c0000000)
  region size 1024K, 1 young (1024K), 1 survivors (1024K)
 Metaspace       used 85396K, capacity 91689K, committed 91856K, reserved 1128448K
  class space    used 11662K, capacity 12749K, committed 12796K, reserved 1048576K
}
Event: 661.357 GC heap before
{Heap before GC invocations=366 (full 271):
 garbage-first heap   total 232448K, used 107024K [0x0000000700000000, 0x0000000700100718, 0x00000007c0000000)
  region size 1024K, 37 young (37888K), 1 survivors (1024K)
 Metaspace       used 85420K, capacity 91753K, committed 91856K, reserved 1128448K
  class space    used 11662K, capacity 12749K, committed 12796K, reserved 1048576K
}
Event: 661.575 GC heap after
{Heap after GC invocations=367 (full 272):
 garbage-first heap   total 232448K, used 70783K [0x0000000700000000, 0x0000000700100718, 0x00000007c0000000)
  region size 1024K, 0 young (0K), 0 survivors (0K)
 Metaspace       used 85420K, capacity 91753K, committed 91856K, reserved 1128448K
  class space    used 11662K, capacity 12749K, committed 12796K, reserved 1048576K
}
Event: 663.762 GC heap before
{Heap before GC invocations=367 (full 272):
 garbage-first heap   total 232448K, used 132223K [0x0000000700000000, 0x0000000700100718, 0x00000007c0000000)
  region size 1024K, 60 young (61440K), 0 survivors (0K)
 Metaspace       used 85471K, capacity 91753K, committed 91856K, reserved 1128448K
  class space    used 11671K, capacity 12749K, committed 12796K, reserved 1048576K
}
Event: 663.766 GC heap after
{Heap after GC invocations=368 (full 272):
 garbage-first heap   total 232448K, used 71409K [0x0000000700000000, 0x0000000700100718, 0x00000007c0000000)
  region size 1024K, 1 young (1024K), 1 survivors (1024K)
 Metaspace       used 85471K, capacity 91753K, committed 91856K, reserved 1128448K
  class space    used 11671K, capacity 12749K, committed 12796K, reserved 1048576K
}

